SLF4J: Failed to load class "org.slf4j.impl.StaticLoggerBinder".
SLF4J: Defaulting to no-operation (NOP) logger implementation
SLF4J: See http://www.slf4j.org/codes.html#StaticLoggerBinder for further details.
java.net.SocketException: Software caused connection abort: socket write error
	at java.net.SocketOutputStream.socketWrite0(Native Method)
	at java.net.SocketOutputStream.socketWrite(SocketOutputStream.java:111)
	at java.net.SocketOutputStream.write(SocketOutputStream.java:155)
	at java.io.BufferedOutputStream.flushBuffer(BufferedOutputStream.java:82)
	at java.io.BufferedOutputStream.write(BufferedOutputStream.java:121)
	at org.noear.solon.boot.jlhttp.HTTPServer$ResponseOutputStream.write(HTTPServer.java:504)
	at org.noear.solon.boot.jlhttp.HTTPServer$ChunkedOutputStream.write(HTTPServer.java:469)
	at java.util.zip.DeflaterOutputStream.deflate(DeflaterOutputStream.java:253)
	at java.util.zip.DeflaterOutputStream.write(DeflaterOutputStream.java:211)
	at java.util.zip.GZIPOutputStream.write(GZIPOutputStream.java:145)
	at java.io.FilterOutputStream.write(FilterOutputStream.java:97)
	at org.noear.solon.boot.jlhttp.JlHttpContext.output(JlHttpContext.java:317)
	at org.noear.solon.core.handle.Context.output(Context.java:769)
	at org.noear.solon.core.handle.Context.outputAsJson(Context.java:785)
	at org.noear.solon.serialization.StringSerializerRender.output(StringSerializerRender.java:76)
	at org.noear.solon.serialization.StringSerializerRender.render(StringSerializerRender.java:69)
	at org.noear.solon.core.handle.RenderManager.render(RenderManager.java:238)
	at org.noear.solon.core.handle.Context.render(Context.java:990)
	at org.hewo.core.support.filter.JwtAuthFilter.doFilter(JwtAuthFilter.java:52)
	at org.noear.solon.core.handle.FilterChainNode.doFilter(FilterChainNode.java:22)
	at org.noear.solon.SolonApp.tryHandle(SolonApp.java:355)
	at org.noear.solon.boot.jlhttp.JlHttpContextHandler.handleDo(JlHttpContextHandler.java:34)
	at org.noear.solon.boot.jlhttp.JlHttpContextHandler.serve(JlHttpContextHandler.java:14)
	at org.noear.solon.boot.jlhttp.HTTPServer.serve(HTTPServer.java:2316)
	at org.noear.solon.boot.jlhttp.HTTPServer.handleMethod(HTTPServer.java:2247)
	at org.noear.solon.boot.jlhttp.HTTPServer.handleTransaction(HTTPServer.java:2188)
	at org.noear.solon.boot.jlhttp.HTTPServer.handleConnection(HTTPServer.java:2148)
	at org.noear.solon.boot.jlhttp.HTTPServer$SocketHandlerThread$1.run(HTTPServer.java:1925)
	at java.util.concurrent.ThreadPoolExecutor.runWorker(ThreadPoolExecutor.java:1149)
	at java.util.concurrent.ThreadPoolExecutor$Worker.run(ThreadPoolExecutor.java:624)
	at java.lang.Thread.run(Thread.java:748)
